<?xml version="1.0" encoding="UTF-8"?>
<!-- Generated by org.testng.reporters.JUnitReportReporter -->
<testsuite hostname="DESKTOP-O2UDVQ2" failures="0" tests="4" name="playwrightLearning.AddIssueFlow" time="7.447" errors="0" timestamp="2025-09-20T14:24:41 IST" skipped="0">
  <testcase classname="playwrightLearning.AddIssueFlow" name="loginAsUser" time="6.300"/>
  <testcase classname="playwrightLearning.AddIssueFlow" name="navigateToTimesheetTab" time="0.346"/>
  <testcase classname="playwrightLearning.AddIssueFlow" name="openAddTimeLogModal" time="0.345"/>
  <testcase classname="playwrightLearning.AddIssueFlow" name="validateAddButtonWithoutProjectSelection" time="0.456"/>
</testsuite> <!-- playwrightLearning.AddIssueFlow -->
