<?xml version="1.0" encoding="UTF-8"?>
<!-- Generated by org.testng.reporters.JUnitReportReporter -->
<testsuite hostname="DESKTOP-O2UDVQ2" failures="1" tests="6" name="playwrightLearning.LoginEmailVerificationandValidation" time="6.674" errors="1" timestamp="2025-09-11T17:12:24 IST" skipped="0">
  <testcase classname="playwrightLearning.LoginEmailVerificationandValidation" name="verifyEmailFieldProperties" time="0.189"/>
  <testcase classname="playwrightLearning.LoginEmailVerificationandValidation" name="validateEmptyEmail" time="0.207">
    <failure message="Expected browser required message, but got:  expected [true] but found [false]" type="java.lang.AssertionError">
      <![CDATA[java.lang.AssertionError: Expected browser required message, but got:  expected [true] but found [false]
at org.testng.Assert.fail(Assert.java:111)
at org.testng.Assert.failNotEquals(Assert.java:1578)
at org.testng.Assert.assertTrue(Assert.java:57)
at playwrightLearning.LoginEmailVerificationandValidation.validateEmptyEmail(LoginEmailVerificationandValidation.java:57)
at java.base/jdk.internal.reflect.DirectMethodHandleAccessor.invoke(DirectMethodHandleAccessor.java:103)
at java.base/java.lang.reflect.Method.invoke(Method.java:580)
at org.testng.internal.invokers.MethodInvocationHelper.invokeMethod(MethodInvocationHelper.java:141)
at org.testng.internal.invokers.TestInvoker.invokeMethod(TestInvoker.java:686)
at org.testng.internal.invokers.TestInvoker.invokeTestMethod(TestInvoker.java:230)
at org.testng.internal.invokers.MethodRunner.runInSequence(MethodRunner.java:63)
at org.testng.internal.invokers.TestInvoker$MethodInvocationAgent.invoke(TestInvoker.java:992)
at org.testng.internal.invokers.TestInvoker.invokeTestMethods(TestInvoker.java:203)
at org.testng.internal.invokers.TestMethodWorker.invokeTestMethods(TestMethodWorker.java:154)
at org.testng.internal.invokers.TestMethodWorker.run(TestMethodWorker.java:134)
at java.base/java.util.ArrayList.forEach(ArrayList.java:1596)
at org.testng.TestRunner.privateRun(TestRunner.java:739)
at org.testng.TestRunner.run(TestRunner.java:614)
at org.testng.SuiteRunner.runTest(SuiteRunner.java:421)
at org.testng.SuiteRunner.runSequentially(SuiteRunner.java:413)
at org.testng.SuiteRunner.privateRun(SuiteRunner.java:373)
at org.testng.SuiteRunner.run(SuiteRunner.java:312)
at org.testng.SuiteRunnerWorker.runSuite(SuiteRunnerWorker.java:52)
at org.testng.SuiteRunnerWorker.run(SuiteRunnerWorker.java:95)
at org.testng.TestNG.runSuitesSequentially(TestNG.java:1274)
at org.testng.TestNG.runSuitesLocally(TestNG.java:1208)
at org.testng.TestNG.runSuites(TestNG.java:1112)
at org.testng.TestNG.run(TestNG.java:1079)
at org.testng.remote.AbstractRemoteTestNG.run(AbstractRemoteTestNG.java:115)
at org.testng.remote.RemoteTestNG.initAndRun(RemoteTestNG.java:293)
at org.testng.remote.RemoteTestNG.main(RemoteTestNG.java:91)
]]>
    </failure>
  </testcase> <!-- validateEmptyEmail -->
  <testcase classname="playwrightLearning.LoginEmailVerificationandValidation" name="validateInvalidEmailFormat" time="0.105"/>
  <testcase classname="playwrightLearning.LoginEmailVerificationandValidation" name="validateEmptyPassword" time="5.290">
    <error message="Error {
  message=&#039;Timeout 5000ms exceeded.
  name=&#039;TimeoutError
  stack=&#039;TimeoutError: Timeout 5000ms exceeded.
    at ProgressController.run (C:\Users\AVITA\AppData\Local\Temp\playwright-java-4598540753682331786\package\lib\server\progress.js:78:26)
    at Frame.waitForSelector (C:\Users\AVITA\AppData\Local\Temp\playwright-java-4598540753682331786\package\lib\server\frames.js:624:23)
    at FrameDispatcher.waitForSelector (C:\Users\AVITA\AppData\Local\Temp\playwright-java-4598540753682331786\package\lib\server\dispatchers\frameDispatcher.js:105:103)
    at FrameDispatcher._handleCommand (C:\Users\AVITA\AppData\Local\Temp\playwright-java-4598540753682331786\package\lib\server\dispatchers\dispatcher.js:94:40)
    at DispatcherConnection.dispatch (C:\Users\AVITA\AppData\Local\Temp\playwright-java-4598540753682331786\package\lib\server\dispatchers\dispatcher.js:361:39)
}
Call log:
- waiting for locator(&quot;.Toastify__toast-body&quot;) to be visible
" type="com.microsoft.playwright.TimeoutError">
      <![CDATA[com.microsoft.playwright.TimeoutError: Error {
  message='Timeout 5000ms exceeded.
  name='TimeoutError
  stack='TimeoutError: Timeout 5000ms exceeded.
    at ProgressController.run (C:\Users\AVITA\AppData\Local\Temp\playwright-java-4598540753682331786\package\lib\server\progress.js:78:26)
    at Frame.waitForSelector (C:\Users\AVITA\AppData\Local\Temp\playwright-java-4598540753682331786\package\lib\server\frames.js:624:23)
    at FrameDispatcher.waitForSelector (C:\Users\AVITA\AppData\Local\Temp\playwright-java-4598540753682331786\package\lib\server\dispatchers\frameDispatcher.js:105:103)
    at FrameDispatcher._handleCommand (C:\Users\AVITA\AppData\Local\Temp\playwright-java-4598540753682331786\package\lib\server\dispatchers\dispatcher.js:94:40)
    at DispatcherConnection.dispatch (C:\Users\AVITA\AppData\Local\Temp\playwright-java-4598540753682331786\package\lib\server\dispatchers\dispatcher.js:361:39)
}
Call log:
- waiting for locator(".Toastify__toast-body") to be visible

at com.microsoft.playwright.impl.WaitableResult.get(WaitableResult.java:52)
at com.microsoft.playwright.impl.ChannelOwner.runUntil(ChannelOwner.java:120)
at com.microsoft.playwright.impl.Connection.sendMessage(Connection.java:130)
at com.microsoft.playwright.impl.ChannelOwner.sendMessage(ChannelOwner.java:106)
at com.microsoft.playwright.impl.FrameImpl.waitForSelectorImpl(FrameImpl.java:1060)
at com.microsoft.playwright.impl.FrameImpl.waitForSelectorImpl(FrameImpl.java:1050)
at com.microsoft.playwright.impl.PageImpl.lambda$waitForSelector$93(PageImpl.java:1553)
at com.microsoft.playwright.impl.LoggingSupport.withLogging(LoggingSupport.java:47)
at com.microsoft.playwright.impl.ChannelOwner.withLogging(ChannelOwner.java:89)
at com.microsoft.playwright.impl.PageImpl.waitForSelector(PageImpl.java:1552)
at playwrightLearning.LoginEmailVerificationandValidation.validateEmptyPassword(LoginEmailVerificationandValidation.java:83)
at java.base/jdk.internal.reflect.DirectMethodHandleAccessor.invoke(DirectMethodHandleAccessor.java:103)
at java.base/java.lang.reflect.Method.invoke(Method.java:580)
at org.testng.internal.invokers.MethodInvocationHelper.invokeMethod(MethodInvocationHelper.java:141)
at org.testng.internal.invokers.TestInvoker.invokeMethod(TestInvoker.java:686)
at org.testng.internal.invokers.TestInvoker.invokeTestMethod(TestInvoker.java:230)
at org.testng.internal.invokers.MethodRunner.runInSequence(MethodRunner.java:63)
at org.testng.internal.invokers.TestInvoker$MethodInvocationAgent.invoke(TestInvoker.java:992)
at org.testng.internal.invokers.TestInvoker.invokeTestMethods(TestInvoker.java:203)
at org.testng.internal.invokers.TestMethodWorker.invokeTestMethods(TestMethodWorker.java:154)
at org.testng.internal.invokers.TestMethodWorker.run(TestMethodWorker.java:134)
at java.base/java.util.ArrayList.forEach(ArrayList.java:1596)
at org.testng.TestRunner.privateRun(TestRunner.java:739)
at org.testng.TestRunner.run(TestRunner.java:614)
at org.testng.SuiteRunner.runTest(SuiteRunner.java:421)
at org.testng.SuiteRunner.runSequentially(SuiteRunner.java:413)
at org.testng.SuiteRunner.privateRun(SuiteRunner.java:373)
at org.testng.SuiteRunner.run(SuiteRunner.java:312)
at org.testng.SuiteRunnerWorker.runSuite(SuiteRunnerWorker.java:52)
at org.testng.SuiteRunnerWorker.run(SuiteRunnerWorker.java:95)
at org.testng.TestNG.runSuitesSequentially(TestNG.java:1274)
at org.testng.TestNG.runSuitesLocally(TestNG.java:1208)
at org.testng.TestNG.runSuites(TestNG.java:1112)
at org.testng.TestNG.run(TestNG.java:1079)
at org.testng.remote.AbstractRemoteTestNG.run(AbstractRemoteTestNG.java:115)
at org.testng.remote.RemoteTestNG.initAndRun(RemoteTestNG.java:293)
at org.testng.remote.RemoteTestNG.main(RemoteTestNG.java:91)
Caused by: com.microsoft.playwright.TimeoutError: Error {
  message='Timeout 5000ms exceeded.
  name='TimeoutError
  stack='TimeoutError: Timeout 5000ms exceeded.
    at ProgressController.run (C:\Users\AVITA\AppData\Local\Temp\playwright-java-4598540753682331786\package\lib\server\progress.js:78:26)
    at Frame.waitForSelector (C:\Users\AVITA\AppData\Local\Temp\playwright-java-4598540753682331786\package\lib\server\frames.js:624:23)
    at FrameDispatcher.waitForSelector (C:\Users\AVITA\AppData\Local\Temp\playwright-java-4598540753682331786\package\lib\server\dispatchers\frameDispatcher.js:105:103)
    at FrameDispatcher._handleCommand (C:\Users\AVITA\AppData\Local\Temp\playwright-java-4598540753682331786\package\lib\server\dispatchers\dispatcher.js:94:40)
    at DispatcherConnection.dispatch (C:\Users\AVITA\AppData\Local\Temp\playwright-java-4598540753682331786\package\lib\server\dispatchers\dispatcher.js:361:39)
}
Call log:
- waiting for locator(".Toastify__toast-body") to be visible

at com.microsoft.playwright.impl.Connection.dispatch(Connection.java:254)
at com.microsoft.playwright.impl.Connection.processOneMessage(Connection.java:211)
at com.microsoft.playwright.impl.ChannelOwner.runUntil(ChannelOwner.java:118)
... 35 more
]]>
    </error>
  </testcase> <!-- validateEmptyPassword -->
  <testcase classname="playwrightLearning.LoginEmailVerificationandValidation" name="validateInvalidCredentials" time="0.440"/>
  <testcase classname="playwrightLearning.LoginEmailVerificationandValidation" name="validateCorrectEmail" time="0.443"/>
</testsuite> <!-- playwrightLearning.LoginEmailVerificationandValidation -->
