<?xml version="1.0" encoding="UTF-8"?>
<!-- Generated by org.testng.reporters.JUnitReportReporter -->
<testsuite hostname="DESKTOP-O2UDVQ2" failures="0" tests="6" name="pms.AddIssueFlow" time="27.533" errors="0" timestamp="2025-09-22T17:18:19 IST" skipped="0">
  <testcase classname="pms.AddIssueFlow" name="loginAsUser" time="3.052"/>
  <testcase classname="pms.AddIssueFlow" name="navigateToTimesheetTab" time="0.264"/>
  <testcase classname="pms.AddIssueFlow" name="openAddTimeLogModal" time="0.318"/>
  <testcase classname="pms.AddIssueFlow" name="validateAddButtonWithoutProjectSelection" time="0.403"/>
  <testcase classname="pms.AddIssueFlow" name="submitIssueWithMandatoryFields" time="7.546"/>
  <testcase classname="pms.AddIssueFlow" name="submitIssueWithAllFields" time="15.950"/>
</testsuite> <!-- pms.AddIssueFlow -->
