<?xml version="1.0" encoding="UTF-8"?>
<!-- Generated by org.testng.reporters.JUnitReportReporter -->
<testsuite hostname="DESKTOP-O2UDVQ2" failures="0" tests="2" name="pms.Addprojectflow" time="3.714" errors="1" timestamp="2025-10-07T16:42:59 IST" skipped="0">
  <testcase classname="pms.Addprojectflow" name="testPositive_AddProjectSuccessfully" time="3.655"/>
  <testcase classname="pms.Addprojectflow" name="testNegative_EmptyProjectTitle" time="0.059">
    <error message="Error {
  message=&#039;Error: strict mode violation: locator(&quot;button:has-text(&#039;Add New Project&#039;)&quot;) resolved to 2 elements:
    1) &lt;button tabindex=&quot;0&quot; type=&quot;button&quot; class=&quot;MuiButtonBase-root MuiButton-root MuiButton-text MuiButton-textPrimary MuiButton-sizeMedium MuiButton-textSizeMedium MuiButton-colorPrimary MuiButton-root MuiButton-text MuiButton-textPrimary MuiButton-sizeMedium MuiButton-textSizeMedium MuiButton-colorPrimary rounded text-capitalize AddButton me-3 ms-2 css-1c69r7k&quot;&gt;…&lt;/button&gt; aka getByRole(AriaRole.BUTTON, new Page.GetByRoleOptions().setName(&quot;Add New Projects&quot;))
    2) &lt;button class=&quot;R_btn&quot;&gt;…&lt;/button&gt; aka getByRole(AriaRole.BUTTON, new Page.GetByRoleOptions().setName(&quot;Add New Project&quot;).setExact(true))

  name=&#039;Error
  stack=&#039;Error: Error: strict mode violation: locator(&quot;button:has-text(&#039;Add New Project&#039;)&quot;) resolved to 2 elements:
    1) &lt;button tabindex=&quot;0&quot; type=&quot;button&quot; class=&quot;MuiButtonBase-root MuiButton-root MuiButton-text MuiButton-textPrimary MuiButton-sizeMedium MuiButton-textSizeMedium MuiButton-colorPrimary MuiButton-root MuiButton-text MuiButton-textPrimary MuiButton-sizeMedium MuiButton-textSizeMedium MuiButton-colorPrimary rounded text-capitalize AddButton me-3 ms-2 css-1c69r7k&quot;&gt;…&lt;/button&gt; aka getByRole(AriaRole.BUTTON, new Page.GetByRoleOptions().setName(&quot;Add New Projects&quot;))
    2) &lt;button class=&quot;R_btn&quot;&gt;…&lt;/button&gt; aka getByRole(AriaRole.BUTTON, new Page.GetByRoleOptions().setName(&quot;Add New Project&quot;).setExact(true))

    at CRExecutionContext.evaluateWithArguments (C:\Users\AVITA\AppData\Local\Temp\playwright-java-3574917357137268746\package\lib\server\chromium\crExecutionContext.js:92:33)
    at async LongStandingScope._race (C:\Users\AVITA\AppData\Local\Temp\playwright-java-3574917357137268746\package\lib\utils\manualPromise.js:96:14)
    at async evaluateExpression (C:\Users\AVITA\AppData\Local\Temp\playwright-java-3574917357137268746\package\lib\server\javascript.js:242:12)
    at async C:\Users\AVITA\AppData\Local\Temp\playwright-java-3574917357137268746\package\lib\server\frames.js:640:22
    at async Frame.retryWithProgressAndTimeouts (C:\Users\AVITA\AppData\Local\Temp\playwright-java-3574917357137268746\package\lib\server\frames.js:929:24)
    at async C:\Users\AVITA\AppData\Local\Temp\playwright-java-3574917357137268746\package\lib\server\frames.js:626:14
    at async ProgressController.run (C:\Users\AVITA\AppData\Local\Temp\playwright-java-3574917357137268746\package\lib\server\progress.js:82:22)
    at async FrameDispatcher.waitForSelector (C:\Users\AVITA\AppData\Local\Temp\playwright-java-3574917357137268746\package\lib\server\dispatchers\frameDispatcher.js:105:85)
    at async LongStandingScope._race (C:\Users\AVITA\AppData\Local\Temp\playwright-java-3574917357137268746\package\lib\utils\manualPromise.js:96:14)
    at async FrameDispatcher._handleCommand (C:\Users\AVITA\AppData\Local\Temp\playwright-java-3574917357137268746\package\lib\server\dispatchers\dispatcher.js:96:14)
}
Call log:
- waiting for locator(&quot;button:has-text(&#039;Add New Project&#039;)&quot;) to be visible
" type="com.microsoft.playwright.PlaywrightException">
      <![CDATA[com.microsoft.playwright.PlaywrightException: Error {
  message='Error: strict mode violation: locator("button:has-text('Add New Project')") resolved to 2 elements:
    1) <button tabindex="0" type="button" class="MuiButtonBase-root MuiButton-root MuiButton-text MuiButton-textPrimary MuiButton-sizeMedium MuiButton-textSizeMedium MuiButton-colorPrimary MuiButton-root MuiButton-text MuiButton-textPrimary MuiButton-sizeMedium MuiButton-textSizeMedium MuiButton-colorPrimary rounded text-capitalize AddButton me-3 ms-2 css-1c69r7k">…</button> aka getByRole(AriaRole.BUTTON, new Page.GetByRoleOptions().setName("Add New Projects"))
    2) <button class="R_btn">…</button> aka getByRole(AriaRole.BUTTON, new Page.GetByRoleOptions().setName("Add New Project").setExact(true))

  name='Error
  stack='Error: Error: strict mode violation: locator("button:has-text('Add New Project')") resolved to 2 elements:
    1) <button tabindex="0" type="button" class="MuiButtonBase-root MuiButton-root MuiButton-text MuiButton-textPrimary MuiButton-sizeMedium MuiButton-textSizeMedium MuiButton-colorPrimary MuiButton-root MuiButton-text MuiButton-textPrimary MuiButton-sizeMedium MuiButton-textSizeMedium MuiButton-colorPrimary rounded text-capitalize AddButton me-3 ms-2 css-1c69r7k">…</button> aka getByRole(AriaRole.BUTTON, new Page.GetByRoleOptions().setName("Add New Projects"))
    2) <button class="R_btn">…</button> aka getByRole(AriaRole.BUTTON, new Page.GetByRoleOptions().setName("Add New Project").setExact(true))

    at CRExecutionContext.evaluateWithArguments (C:\Users\AVITA\AppData\Local\Temp\playwright-java-3574917357137268746\package\lib\server\chromium\crExecutionContext.js:92:33)
    at async LongStandingScope._race (C:\Users\AVITA\AppData\Local\Temp\playwright-java-3574917357137268746\package\lib\utils\manualPromise.js:96:14)
    at async evaluateExpression (C:\Users\AVITA\AppData\Local\Temp\playwright-java-3574917357137268746\package\lib\server\javascript.js:242:12)
    at async C:\Users\AVITA\AppData\Local\Temp\playwright-java-3574917357137268746\package\lib\server\frames.js:640:22
    at async Frame.retryWithProgressAndTimeouts (C:\Users\AVITA\AppData\Local\Temp\playwright-java-3574917357137268746\package\lib\server\frames.js:929:24)
    at async C:\Users\AVITA\AppData\Local\Temp\playwright-java-3574917357137268746\package\lib\server\frames.js:626:14
    at async ProgressController.run (C:\Users\AVITA\AppData\Local\Temp\playwright-java-3574917357137268746\package\lib\server\progress.js:82:22)
    at async FrameDispatcher.waitForSelector (C:\Users\AVITA\AppData\Local\Temp\playwright-java-3574917357137268746\package\lib\server\dispatchers\frameDispatcher.js:105:85)
    at async LongStandingScope._race (C:\Users\AVITA\AppData\Local\Temp\playwright-java-3574917357137268746\package\lib\utils\manualPromise.js:96:14)
    at async FrameDispatcher._handleCommand (C:\Users\AVITA\AppData\Local\Temp\playwright-java-3574917357137268746\package\lib\server\dispatchers\dispatcher.js:96:14)
}
Call log:
- waiting for locator("button:has-text('Add New Project')") to be visible

at com.microsoft.playwright.impl.WaitableResult.get(WaitableResult.java:56)
at com.microsoft.playwright.impl.ChannelOwner.runUntil(ChannelOwner.java:120)
at com.microsoft.playwright.impl.Connection.sendMessage(Connection.java:130)
at com.microsoft.playwright.impl.ChannelOwner.sendMessage(ChannelOwner.java:106)
at com.microsoft.playwright.impl.FrameImpl.waitForSelectorImpl(FrameImpl.java:1060)
at com.microsoft.playwright.impl.LocatorImpl.lambda$waitForImpl$7(LocatorImpl.java:619)
at com.microsoft.playwright.impl.LoggingSupport.withLogging(LoggingSupport.java:47)
at com.microsoft.playwright.impl.ChannelOwner.withLogging(ChannelOwner.java:89)
at com.microsoft.playwright.impl.LocatorImpl.waitForImpl(LocatorImpl.java:619)
at com.microsoft.playwright.impl.LocatorImpl.waitFor(LocatorImpl.java:615)
at pms.Addprojectflow.testNegative_EmptyProjectTitle(Addprojectflow.java:101)
at java.base/jdk.internal.reflect.DirectMethodHandleAccessor.invoke(DirectMethodHandleAccessor.java:103)
at java.base/java.lang.reflect.Method.invoke(Method.java:580)
at org.testng.internal.invokers.MethodInvocationHelper.invokeMethod(MethodInvocationHelper.java:141)
at org.testng.internal.invokers.TestInvoker.invokeMethod(TestInvoker.java:686)
at org.testng.internal.invokers.TestInvoker.invokeTestMethod(TestInvoker.java:230)
at org.testng.internal.invokers.MethodRunner.runInSequence(MethodRunner.java:63)
at org.testng.internal.invokers.TestInvoker$MethodInvocationAgent.invoke(TestInvoker.java:992)
at org.testng.internal.invokers.TestInvoker.invokeTestMethods(TestInvoker.java:203)
at org.testng.internal.invokers.TestMethodWorker.invokeTestMethods(TestMethodWorker.java:154)
at org.testng.internal.invokers.TestMethodWorker.run(TestMethodWorker.java:134)
at java.base/java.util.ArrayList.forEach(ArrayList.java:1596)
at org.testng.TestRunner.privateRun(TestRunner.java:739)
at org.testng.TestRunner.run(TestRunner.java:614)
at org.testng.SuiteRunner.runTest(SuiteRunner.java:421)
at org.testng.SuiteRunner.runSequentially(SuiteRunner.java:413)
at org.testng.SuiteRunner.privateRun(SuiteRunner.java:373)
at org.testng.SuiteRunner.run(SuiteRunner.java:312)
at org.testng.SuiteRunnerWorker.runSuite(SuiteRunnerWorker.java:52)
at org.testng.SuiteRunnerWorker.run(SuiteRunnerWorker.java:95)
at org.testng.TestNG.runSuitesSequentially(TestNG.java:1274)
at org.testng.TestNG.runSuitesLocally(TestNG.java:1208)
at org.testng.TestNG.runSuites(TestNG.java:1112)
at org.testng.TestNG.run(TestNG.java:1079)
at org.testng.remote.AbstractRemoteTestNG.run(AbstractRemoteTestNG.java:115)
at org.testng.remote.RemoteTestNG.initAndRun(RemoteTestNG.java:293)
at org.testng.remote.RemoteTestNG.main(RemoteTestNG.java:91)
Caused by: com.microsoft.playwright.impl.DriverException: Error {
  message='Error: strict mode violation: locator("button:has-text('Add New Project')") resolved to 2 elements:
    1) <button tabindex="0" type="button" class="MuiButtonBase-root MuiButton-root MuiButton-text MuiButton-textPrimary MuiButton-sizeMedium MuiButton-textSizeMedium MuiButton-colorPrimary MuiButton-root MuiButton-text MuiButton-textPrimary MuiButton-sizeMedium MuiButton-textSizeMedium MuiButton-colorPrimary rounded text-capitalize AddButton me-3 ms-2 css-1c69r7k">…</button> aka getByRole(AriaRole.BUTTON, new Page.GetByRoleOptions().setName("Add New Projects"))
    2) <button class="R_btn">…</button> aka getByRole(AriaRole.BUTTON, new Page.GetByRoleOptions().setName("Add New Project").setExact(true))

  name='Error
  stack='Error: Error: strict mode violation: locator("button:has-text('Add New Project')") resolved to 2 elements:
    1) <button tabindex="0" type="button" class="MuiButtonBase-root MuiButton-root MuiButton-text MuiButton-textPrimary MuiButton-sizeMedium MuiButton-textSizeMedium MuiButton-colorPrimary MuiButton-root MuiButton-text MuiButton-textPrimary MuiButton-sizeMedium MuiButton-textSizeMedium MuiButton-colorPrimary rounded text-capitalize AddButton me-3 ms-2 css-1c69r7k">…</button> aka getByRole(AriaRole.BUTTON, new Page.GetByRoleOptions().setName("Add New Projects"))
    2) <button class="R_btn">…</button> aka getByRole(AriaRole.BUTTON, new Page.GetByRoleOptions().setName("Add New Project").setExact(true))

    at CRExecutionContext.evaluateWithArguments (C:\Users\AVITA\AppData\Local\Temp\playwright-java-3574917357137268746\package\lib\server\chromium\crExecutionContext.js:92:33)
    at async LongStandingScope._race (C:\Users\AVITA\AppData\Local\Temp\playwright-java-3574917357137268746\package\lib\utils\manualPromise.js:96:14)
    at async evaluateExpression (C:\Users\AVITA\AppData\Local\Temp\playwright-java-3574917357137268746\package\lib\server\javascript.js:242:12)
    at async C:\Users\AVITA\AppData\Local\Temp\playwright-java-3574917357137268746\package\lib\server\frames.js:640:22
    at async Frame.retryWithProgressAndTimeouts (C:\Users\AVITA\AppData\Local\Temp\playwright-java-3574917357137268746\package\lib\server\frames.js:929:24)
    at async C:\Users\AVITA\AppData\Local\Temp\playwright-java-3574917357137268746\package\lib\server\frames.js:626:14
    at async ProgressController.run (C:\Users\AVITA\AppData\Local\Temp\playwright-java-3574917357137268746\package\lib\server\progress.js:82:22)
    at async FrameDispatcher.waitForSelector (C:\Users\AVITA\AppData\Local\Temp\playwright-java-3574917357137268746\package\lib\server\dispatchers\frameDispatcher.js:105:85)
    at async LongStandingScope._race (C:\Users\AVITA\AppData\Local\Temp\playwright-java-3574917357137268746\package\lib\utils\manualPromise.js:96:14)
    at async FrameDispatcher._handleCommand (C:\Users\AVITA\AppData\Local\Temp\playwright-java-3574917357137268746\package\lib\server\dispatchers\dispatcher.js:96:14)
}
Call log:
- waiting for locator("button:has-text('Add New Project')") to be visible

at com.microsoft.playwright.impl.Connection.dispatch(Connection.java:259)
at com.microsoft.playwright.impl.Connection.processOneMessage(Connection.java:211)
at com.microsoft.playwright.impl.ChannelOwner.runUntil(ChannelOwner.java:118)
... 35 more
]]>
    </error>
  </testcase> <!-- testNegative_EmptyProjectTitle -->
</testsuite> <!-- pms.Addprojectflow -->
