<?xml version="1.0" encoding="UTF-8"?>
<!-- Generated by org.testng.reporters.JUnitReportReporter -->
<testsuite hostname="DESKTOP-O2UDVQ2" failures="0" tests="2" name="pms.Addtaskflow" time="30.477" errors="1" timestamp="2025-10-07T15:19:46 IST" skipped="1">
  <testcase classname="pms.Addtaskflow" name="setUp" time="30.477">
    <error message="Error {
  message=&#039;Timeout 10000ms exceeded.
  name=&#039;TimeoutError
  stack=&#039;TimeoutError: Timeout 10000ms exceeded.
    at ProgressController.run (C:\Users\AVITA\AppData\Local\Temp\playwright-java-16100371723531513998\package\lib\server\progress.js:78:26)
    at Frame.waitForSelector (C:\Users\AVITA\AppData\Local\Temp\playwright-java-16100371723531513998\package\lib\server\frames.js:624:23)
    at FrameDispatcher.waitForSelector (C:\Users\AVITA\AppData\Local\Temp\playwright-java-16100371723531513998\package\lib\server\dispatchers\frameDispatcher.js:105:103)
    at FrameDispatcher._handleCommand (C:\Users\AVITA\AppData\Local\Temp\playwright-java-16100371723531513998\package\lib\server\dispatchers\dispatcher.js:94:40)
    at DispatcherConnection.dispatch (C:\Users\AVITA\AppData\Local\Temp\playwright-java-16100371723531513998\package\lib\server\dispatchers\dispatcher.js:361:39)
}
Call log:
- waiting for locator(&quot;img[alt=&#039;Task Icon&#039;]&quot;) to be visible
" type="com.microsoft.playwright.TimeoutError">
      <![CDATA[com.microsoft.playwright.TimeoutError: Error {
  message='Timeout 10000ms exceeded.
  name='TimeoutError
  stack='TimeoutError: Timeout 10000ms exceeded.
    at ProgressController.run (C:\Users\AVITA\AppData\Local\Temp\playwright-java-16100371723531513998\package\lib\server\progress.js:78:26)
    at Frame.waitForSelector (C:\Users\AVITA\AppData\Local\Temp\playwright-java-16100371723531513998\package\lib\server\frames.js:624:23)
    at FrameDispatcher.waitForSelector (C:\Users\AVITA\AppData\Local\Temp\playwright-java-16100371723531513998\package\lib\server\dispatchers\frameDispatcher.js:105:103)
    at FrameDispatcher._handleCommand (C:\Users\AVITA\AppData\Local\Temp\playwright-java-16100371723531513998\package\lib\server\dispatchers\dispatcher.js:94:40)
    at DispatcherConnection.dispatch (C:\Users\AVITA\AppData\Local\Temp\playwright-java-16100371723531513998\package\lib\server\dispatchers\dispatcher.js:361:39)
}
Call log:
- waiting for locator("img[alt='Task Icon']") to be visible

at com.microsoft.playwright.impl.WaitableResult.get(WaitableResult.java:52)
at com.microsoft.playwright.impl.ChannelOwner.runUntil(ChannelOwner.java:120)
at com.microsoft.playwright.impl.Connection.sendMessage(Connection.java:130)
at com.microsoft.playwright.impl.ChannelOwner.sendMessage(ChannelOwner.java:106)
at com.microsoft.playwright.impl.FrameImpl.waitForSelectorImpl(FrameImpl.java:1060)
at com.microsoft.playwright.impl.FrameImpl.waitForSelectorImpl(FrameImpl.java:1050)
at com.microsoft.playwright.impl.PageImpl.lambda$waitForSelector$93(PageImpl.java:1553)
at com.microsoft.playwright.impl.LoggingSupport.withLogging(LoggingSupport.java:47)
at com.microsoft.playwright.impl.ChannelOwner.withLogging(ChannelOwner.java:89)
at com.microsoft.playwright.impl.PageImpl.waitForSelector(PageImpl.java:1552)
at pms.Addtaskflow.setUp(Addtaskflow.java:32)
at java.base/jdk.internal.reflect.DirectMethodHandleAccessor.invoke(DirectMethodHandleAccessor.java:103)
at java.base/java.lang.reflect.Method.invoke(Method.java:580)
at org.testng.internal.invokers.MethodInvocationHelper.invokeMethod(MethodInvocationHelper.java:141)
at org.testng.internal.invokers.MethodInvocationHelper.invokeMethodConsideringTimeout(MethodInvocationHelper.java:71)
at org.testng.internal.invokers.ConfigInvoker.invokeConfigurationMethod(ConfigInvoker.java:400)
at org.testng.internal.invokers.ConfigInvoker.invokeConfigurations(ConfigInvoker.java:333)
at org.testng.internal.invokers.TestMethodWorker.invokeBeforeClassMethods(TestMethodWorker.java:188)
at org.testng.internal.invokers.TestMethodWorker.run(TestMethodWorker.java:128)
at java.base/java.util.ArrayList.forEach(ArrayList.java:1596)
at org.testng.TestRunner.privateRun(TestRunner.java:739)
at org.testng.TestRunner.run(TestRunner.java:614)
at org.testng.SuiteRunner.runTest(SuiteRunner.java:421)
at org.testng.SuiteRunner.runSequentially(SuiteRunner.java:413)
at org.testng.SuiteRunner.privateRun(SuiteRunner.java:373)
at org.testng.SuiteRunner.run(SuiteRunner.java:312)
at org.testng.SuiteRunnerWorker.runSuite(SuiteRunnerWorker.java:52)
at org.testng.SuiteRunnerWorker.run(SuiteRunnerWorker.java:95)
at org.testng.TestNG.runSuitesSequentially(TestNG.java:1274)
at org.testng.TestNG.runSuitesLocally(TestNG.java:1208)
at org.testng.TestNG.runSuites(TestNG.java:1112)
at org.testng.TestNG.run(TestNG.java:1079)
at org.testng.remote.AbstractRemoteTestNG.run(AbstractRemoteTestNG.java:115)
at org.testng.remote.RemoteTestNG.initAndRun(RemoteTestNG.java:293)
at org.testng.remote.RemoteTestNG.main(RemoteTestNG.java:91)
Caused by: com.microsoft.playwright.TimeoutError: Error {
  message='Timeout 10000ms exceeded.
  name='TimeoutError
  stack='TimeoutError: Timeout 10000ms exceeded.
    at ProgressController.run (C:\Users\AVITA\AppData\Local\Temp\playwright-java-16100371723531513998\package\lib\server\progress.js:78:26)
    at Frame.waitForSelector (C:\Users\AVITA\AppData\Local\Temp\playwright-java-16100371723531513998\package\lib\server\frames.js:624:23)
    at FrameDispatcher.waitForSelector (C:\Users\AVITA\AppData\Local\Temp\playwright-java-16100371723531513998\package\lib\server\dispatchers\frameDispatcher.js:105:103)
    at FrameDispatcher._handleCommand (C:\Users\AVITA\AppData\Local\Temp\playwright-java-16100371723531513998\package\lib\server\dispatchers\dispatcher.js:94:40)
    at DispatcherConnection.dispatch (C:\Users\AVITA\AppData\Local\Temp\playwright-java-16100371723531513998\package\lib\server\dispatchers\dispatcher.js:361:39)
}
Call log:
- waiting for locator("img[alt='Task Icon']") to be visible

at com.microsoft.playwright.impl.Connection.dispatch(Connection.java:254)
at com.microsoft.playwright.impl.Connection.processOneMessage(Connection.java:211)
at com.microsoft.playwright.impl.ChannelOwner.runUntil(ChannelOwner.java:118)
... 33 more
]]>
    </error>
  </testcase> <!-- setUp -->
  <testcase classname="pms.Addtaskflow" name="addTaskFlow" time="0.000">
    <skipped/>
  </testcase> <!-- addTaskFlow -->
</testsuite> <!-- pms.Addtaskflow -->
