<?xml version="1.0" encoding="UTF-8"?>
<!-- Generated by org.testng.reporters.JUnitReportReporter -->
<testsuite hostname="DESKTOP-O2UDVQ2" failures="0" tests="5" name="pms.Addprojectflow" time="18.455" errors="0" timestamp="2025-10-08T15:38:33 IST" skipped="0">
  <testcase classname="pms.Addprojectflow" name="testPositive_AddProjectSuccessfully" time="4.703"/>
  <testcase classname="pms.Addprojectflow" name="testNegative_EmptyProjectTitle" time="9.504"/>
  <testcase classname="pms.Addprojectflow" name="testNegative_EmptyOwner" time="1.792"/>
  <testcase classname="pms.Addprojectflow" name="testNegative_InvalidDateOrder" time="0.810"/>
  <testcase classname="pms.Addprojectflow" name="filledAllFieldsAndCreatedProject" time="1.646"/>
</testsuite> <!-- pms.Addprojectflow -->
