<?xml version="1.0" encoding="UTF-8"?>
<!-- Generated by org.testng.reporters.JUnitReportReporter -->
<testsuite hostname="DESKTOP-O2UDVQ2" failures="0" tests="5" name="playwrightLearning.Timesheet" time="18.650" errors="1" timestamp="2025-09-19T16:23:35 IST" skipped="0">
  <testcase classname="playwrightLearning.Timesheet" name="loginAsUser" time="3.755"/>
  <testcase classname="playwrightLearning.Timesheet" name="navigateToTimesheetTab" time="0.100"/>
  <testcase classname="playwrightLearning.Timesheet" name="openAddTimeLogModal" time="0.483"/>
  <testcase classname="playwrightLearning.Timesheet" name="validateAddButtonWithoutProjectSelection" time="0.364"/>
  <testcase classname="playwrightLearning.Timesheet" name="handleTimesheetEntry" time="13.948">
    <error message="Error {
  message=&#039;Target page, context or browser has been closed
  name=&#039;TargetClosedError
  stack=&#039;TargetClosedError:Target page, context or browser has been closed
Error
    at captureRawStack (C:\Users\AVITA\AppData\Local\Temp\playwright-java-4017575349699365834\package\lib\utils\stackTrace.js:49:17)
    at LongStandingScope._race (C:\Users\AVITA\AppData\Local\Temp\playwright-java-4017575349699365834\package\lib\utils\manualPromise.js:91:52)
    at LongStandingScope.race (C:\Users\AVITA\AppData\Local\Temp\playwright-java-4017575349699365834\package\lib\utils\manualPromise.js:84:17)
    at FrameDispatcher._handleCommand (C:\Users\AVITA\AppData\Local\Temp\playwright-java-4017575349699365834\package\lib\server\dispatchers\dispatcher.js:96:36)
    at DispatcherConnection.dispatch (C:\Users\AVITA\AppData\Local\Temp\playwright-java-4017575349699365834\package\lib\server\dispatchers\dispatcher.js:361:39)
}
Call log:
- waiting for locator(&quot;div.toast-success:has-text(&#039;successfully&#039;)&quot;) to be visible
" type="com.microsoft.playwright.impl.TargetClosedError">
      <![CDATA[com.microsoft.playwright.impl.TargetClosedError: Error {
  message='Target page, context or browser has been closed
  name='TargetClosedError
  stack='TargetClosedError:Target page, context or browser has been closed
Error
    at captureRawStack (C:\Users\AVITA\AppData\Local\Temp\playwright-java-4017575349699365834\package\lib\utils\stackTrace.js:49:17)
    at LongStandingScope._race (C:\Users\AVITA\AppData\Local\Temp\playwright-java-4017575349699365834\package\lib\utils\manualPromise.js:91:52)
    at LongStandingScope.race (C:\Users\AVITA\AppData\Local\Temp\playwright-java-4017575349699365834\package\lib\utils\manualPromise.js:84:17)
    at FrameDispatcher._handleCommand (C:\Users\AVITA\AppData\Local\Temp\playwright-java-4017575349699365834\package\lib\server\dispatchers\dispatcher.js:96:36)
    at DispatcherConnection.dispatch (C:\Users\AVITA\AppData\Local\Temp\playwright-java-4017575349699365834\package\lib\server\dispatchers\dispatcher.js:361:39)
}
Call log:
- waiting for locator("div.toast-success:has-text('successfully')") to be visible

at com.microsoft.playwright.impl.WaitableResult.get(WaitableResult.java:54)
at com.microsoft.playwright.impl.ChannelOwner.runUntil(ChannelOwner.java:120)
at com.microsoft.playwright.impl.Connection.sendMessage(Connection.java:130)
at com.microsoft.playwright.impl.ChannelOwner.sendMessage(ChannelOwner.java:106)
at com.microsoft.playwright.impl.FrameImpl.waitForSelectorImpl(FrameImpl.java:1060)
at com.microsoft.playwright.impl.LocatorImpl.lambda$waitForImpl$7(LocatorImpl.java:619)
at com.microsoft.playwright.impl.LoggingSupport.withLogging(LoggingSupport.java:47)
at com.microsoft.playwright.impl.ChannelOwner.withLogging(ChannelOwner.java:89)
at com.microsoft.playwright.impl.LocatorImpl.waitForImpl(LocatorImpl.java:619)
at com.microsoft.playwright.impl.LocatorImpl.waitFor(LocatorImpl.java:615)
at playwrightLearning.Timesheet.handleTimesheetEntry(Timesheet.java:280)
at java.base/jdk.internal.reflect.DirectMethodHandleAccessor.invoke(DirectMethodHandleAccessor.java:103)
at java.base/java.lang.reflect.Method.invoke(Method.java:580)
at org.testng.internal.invokers.MethodInvocationHelper.invokeMethod(MethodInvocationHelper.java:141)
at org.testng.internal.invokers.TestInvoker.invokeMethod(TestInvoker.java:686)
at org.testng.internal.invokers.TestInvoker.invokeTestMethod(TestInvoker.java:230)
at org.testng.internal.invokers.MethodRunner.runInSequence(MethodRunner.java:63)
at org.testng.internal.invokers.TestInvoker$MethodInvocationAgent.invoke(TestInvoker.java:992)
at org.testng.internal.invokers.TestInvoker.invokeTestMethods(TestInvoker.java:203)
at org.testng.internal.invokers.TestMethodWorker.invokeTestMethods(TestMethodWorker.java:154)
at org.testng.internal.invokers.TestMethodWorker.run(TestMethodWorker.java:134)
at java.base/java.util.ArrayList.forEach(ArrayList.java:1596)
at org.testng.TestRunner.privateRun(TestRunner.java:739)
at org.testng.TestRunner.run(TestRunner.java:614)
at org.testng.SuiteRunner.runTest(SuiteRunner.java:421)
at org.testng.SuiteRunner.runSequentially(SuiteRunner.java:413)
at org.testng.SuiteRunner.privateRun(SuiteRunner.java:373)
at org.testng.SuiteRunner.run(SuiteRunner.java:312)
at org.testng.SuiteRunnerWorker.runSuite(SuiteRunnerWorker.java:52)
at org.testng.SuiteRunnerWorker.run(SuiteRunnerWorker.java:95)
at org.testng.TestNG.runSuitesSequentially(TestNG.java:1274)
at org.testng.TestNG.runSuitesLocally(TestNG.java:1208)
at org.testng.TestNG.runSuites(TestNG.java:1112)
at org.testng.TestNG.run(TestNG.java:1079)
at org.testng.remote.AbstractRemoteTestNG.run(AbstractRemoteTestNG.java:115)
at org.testng.remote.RemoteTestNG.initAndRun(RemoteTestNG.java:293)
at org.testng.remote.RemoteTestNG.main(RemoteTestNG.java:91)
Caused by: com.microsoft.playwright.impl.TargetClosedError: Error {
  message='Target page, context or browser has been closed
  name='TargetClosedError
  stack='TargetClosedError:Target page, context or browser has been closed
Error
    at captureRawStack (C:\Users\AVITA\AppData\Local\Temp\playwright-java-4017575349699365834\package\lib\utils\stackTrace.js:49:17)
    at LongStandingScope._race (C:\Users\AVITA\AppData\Local\Temp\playwright-java-4017575349699365834\package\lib\utils\manualPromise.js:91:52)
    at LongStandingScope.race (C:\Users\AVITA\AppData\Local\Temp\playwright-java-4017575349699365834\package\lib\utils\manualPromise.js:84:17)
    at FrameDispatcher._handleCommand (C:\Users\AVITA\AppData\Local\Temp\playwright-java-4017575349699365834\package\lib\server\dispatchers\dispatcher.js:96:36)
    at DispatcherConnection.dispatch (C:\Users\AVITA\AppData\Local\Temp\playwright-java-4017575349699365834\package\lib\server\dispatchers\dispatcher.js:361:39)
}
Call log:
- waiting for locator("div.toast-success:has-text('successfully')") to be visible

at com.microsoft.playwright.impl.Connection.dispatch(Connection.java:256)
at com.microsoft.playwright.impl.Connection.processOneMessage(Connection.java:211)
at com.microsoft.playwright.impl.ChannelOwner.runUntil(ChannelOwner.java:118)
... 35 more
]]>
    </error>
  </testcase> <!-- handleTimesheetEntry -->
</testsuite> <!-- playwrightLearning.Timesheet -->
