<?xml version="1.0" encoding="UTF-8"?>
<!-- Generated by org.testng.reporters.JUnitReportReporter -->
<testsuite hostname="DESKTOP-O2UDVQ2" failures="0" tests="6" name="pms.AddIssueFlow" time="25.162" errors="0" timestamp="2025-09-22T17:42:35 IST" skipped="0">
  <testcase classname="pms.AddIssueFlow" name="loginAsUserTest" time="3.076"/>
  <testcase classname="pms.AddIssueFlow" name="navigateToIssueTabTest" time="0.241"/>
  <testcase classname="pms.AddIssueFlow" name="openAddIssueModalTest" time="0.373"/>
  <testcase classname="pms.AddIssueFlow" name="validateAddButtonWithoutProjectTest" time="0.408"/>
  <testcase classname="pms.AddIssueFlow" name="submitIssueWithMandatoryFieldsTest" time="7.189"/>
  <testcase classname="pms.AddIssueFlow" name="submitIssueWithAllFieldsTest" time="13.875"/>
</testsuite> <!-- pms.AddIssueFlow -->
